2017/01/15 16:02:46 Uncaught SyntaxError: Unexpected token ,; http://test.jobservices.tmweb.ru/item/add; 1
2017/01/15 16:03:27 Uncaught SyntaxError: Unexpected token ,; http://test.jobservices.tmweb.ru/item/add; 1
2017/01/15 16:03:39 Uncaught SyntaxError: Unexpected token ,; http://test.jobservices.tmweb.ru/item/add; 1
2017/01/15 16:05:08 Uncaught SyntaxError: Unexpected token ,; http://test.jobservices.tmweb.ru/item/add; 1
2017/01/15 16:05:17 Uncaught SyntaxError: Unexpected token ,; http://test.jobservices.tmweb.ru/item/add; 1
2017/01/15 16:06:18 Uncaught SyntaxError: Unexpected token ,; http://test.jobservices.tmweb.ru/item/add; 1
2017/01/15 16:06:51 Uncaught SyntaxError: Unexpected token ,; http://test.jobservices.tmweb.ru/user/register; 1
2017/01/15 16:07:41 Uncaught SyntaxError: Unexpected token }; http://test.jobservices.tmweb.ru/admin/index.php?s=geo&ev=regions_city&country=0; 434
2017/01/15 16:07:59 Uncaught SyntaxError: Unexpected token }; http://test.jobservices.tmweb.ru/admin/index.php?s=geo&ev=regions_region&country=0; 429
2017/01/15 16:08:00 Uncaught SyntaxError: Unexpected token }; http://test.jobservices.tmweb.ru/admin/index.php?s=geo&ev=regions_city&country=; 434
2017/01/15 16:08:01 Uncaught SyntaxError: Unexpected token }; http://test.jobservices.tmweb.ru/admin/index.php?s=geo&ev=regions_city&country=; 434
2017/01/15 16:08:03 Uncaught SyntaxError: Unexpected token }; http://test.jobservices.tmweb.ru/admin/index.php?s=geo&ev=regions_city&main=1&pid=0; 432
2017/01/15 16:08:04 Uncaught SyntaxError: Unexpected token }; http://test.jobservices.tmweb.ru/admin/index.php?s=geo&ev=regions_city&main=0&pid=0; 434
2017/01/15 16:23:52 Uncaught ReferenceError: google is not defined; http://test.jobservices.tmweb.ru/js/bff/bff.js?v=3; 277
2017/01/16 08:19:53 Uncaught SyntaxError: Unexpected token < in JSON at position 0; http://test.jobservices.tmweb.ru/item/add; 1
2017/01/16 09:49:14 Uncaught SyntaxError: Unexpected token < in JSON at position 0; http://test.jobservices.tmweb.ru/item/add; 1
2017/01/16 13:21:11 Uncaught ReferenceError: google is not defined; http://test.jobservices.tmweb.ru/js/bff/bff.js?v=3; 246
2017/01/16 13:25:57 Uncaught ReferenceError: google is not defined; http://test.jobservices.tmweb.ru/js/bff/bff.js?v=3; 246
2017/01/19 10:20:42 Uncaught ReferenceError: google is not defined; http://test.jobservices.tmweb.ru/js/bff/bff.js?v=3; 246
2017/01/20 17:59:11 Uncaught ReferenceError: pagespeed is not defined; http://test.jobservices.tmweb.ru/adv.html; 558
2017/01/20 17:59:11 Uncaught ReferenceError: pagespeed is not defined; http://test.jobservices.tmweb.ru/adv.html; 455
2017/01/20 17:59:11 Uncaught ReferenceError: pagespeed is not defined; http://test.jobservices.tmweb.ru/adv.html; 590
2017/01/20 17:59:11 Uncaught ReferenceError: pagespeed is not defined; http://test.jobservices.tmweb.ru/adv.html; 487
2017/01/20 18:01:11 Uncaught ReferenceError: pagespeed is not defined; http://test.jobservices.tmweb.ru/adv.html; 423
2017/01/20 18:01:11 Uncaught ReferenceError: pagespeed is not defined; http://test.jobservices.tmweb.ru/adv.html; 526
2017/01/20 18:01:11 Uncaught ReferenceError: pagespeed is not defined; http://test.jobservices.tmweb.ru/adv.html; 487
2017/01/20 18:01:11 Uncaught ReferenceError: pagespeed is not defined; http://test.jobservices.tmweb.ru/adv.html; 590
2017/01/20 18:10:12 Uncaught ReferenceError: pagespeed is not defined; http://test.jobservices.tmweb.ru/adv.html; 428
2017/01/20 18:10:12 Uncaught ReferenceError: pagespeed is not defined; http://test.jobservices.tmweb.ru/adv.html; 579
2017/01/20 18:10:12 Uncaught ReferenceError: pagespeed is not defined; http://test.jobservices.tmweb.ru/adv.html; 444
2017/01/20 18:10:12 Uncaught ReferenceError: pagespeed is not defined; http://test.jobservices.tmweb.ru/adv.html; 547
2017/01/20 18:10:12 Uncaught ReferenceError: pagespeed is not defined; http://test.jobservices.tmweb.ru/adv.html; 531
2017/01/20 18:10:12 Uncaught ReferenceError: pagespeed is not defined; http://test.jobservices.tmweb.ru/adv.html; 476
2017/01/20 18:10:12 Uncaught ReferenceError: pagespeed is not defined; http://test.jobservices.tmweb.ru/adv.html; 460
2017/01/20 18:10:12 Uncaught ReferenceError: pagespeed is not defined; http://test.jobservices.tmweb.ru/adv.html; 563
2017/01/20 18:10:12 Uncaught ReferenceError: pagespeed is not defined; http://test.jobservices.tmweb.ru/adv.html; 515
2017/01/20 18:10:12 Uncaught ReferenceError: pagespeed is not defined; http://test.jobservices.tmweb.ru/adv.html; 412
2017/01/20 18:10:31 Uncaught ReferenceError: pagespeed is not defined; http://test.jobservices.tmweb.ru/adv.html; 579
2017/01/20 18:10:31 Uncaught ReferenceError: pagespeed is not defined; http://test.jobservices.tmweb.ru/adv.html; 476
2017/01/20 18:10:31 Uncaught ReferenceError: pagespeed is not defined; http://test.jobservices.tmweb.ru/adv.html; 563
2017/01/20 18:10:31 Uncaught ReferenceError: pagespeed is not defined; http://test.jobservices.tmweb.ru/adv.html; 460
2017/01/20 18:11:55 Uncaught ReferenceError: pagespeed is not defined; http://test.jobservices.tmweb.ru/adv.html; 412
2017/01/20 18:11:55 Uncaught ReferenceError: pagespeed is not defined; http://test.jobservices.tmweb.ru/adv.html; 531
2017/01/20 18:11:55 Uncaught ReferenceError: pagespeed is not defined; http://test.jobservices.tmweb.ru/adv.html; 515
2017/01/20 18:11:55 Uncaught ReferenceError: pagespeed is not defined; http://test.jobservices.tmweb.ru/adv.html; 428
2017/01/20 18:11:55 Uncaught ReferenceError: pagespeed is not defined; http://test.jobservices.tmweb.ru/adv.html; 444
2017/01/20 18:11:55 Uncaught ReferenceError: pagespeed is not defined; http://test.jobservices.tmweb.ru/adv.html; 547
2017/01/20 18:11:55 Uncaught ReferenceError: pagespeed is not defined; http://test.jobservices.tmweb.ru/adv.html; 563
2017/01/20 18:11:55 Uncaught ReferenceError: pagespeed is not defined; http://test.jobservices.tmweb.ru/adv.html; 460
2017/01/20 18:11:55 Uncaught ReferenceError: pagespeed is not defined; http://test.jobservices.tmweb.ru/adv.html; 476
2017/01/20 18:11:55 Uncaught ReferenceError: pagespeed is not defined; http://test.jobservices.tmweb.ru/adv.html; 579
2017/01/20 18:13:49 Uncaught ReferenceError: pagespeed is not defined; http://test.jobservices.tmweb.ru/adv.html; 515
2017/01/20 18:13:49 Uncaught ReferenceError: pagespeed is not defined; http://test.jobservices.tmweb.ru/adv.html; 531
2017/01/20 18:13:49 Uncaught ReferenceError: pagespeed is not defined; http://test.jobservices.tmweb.ru/adv.html; 547
2017/01/20 18:13:49 Uncaught ReferenceError: pagespeed is not defined; http://test.jobservices.tmweb.ru/adv.html; 428
2017/01/20 18:13:49 Uncaught ReferenceError: pagespeed is not defined; http://test.jobservices.tmweb.ru/adv.html; 412
2017/01/20 18:13:49 Uncaught ReferenceError: pagespeed is not defined; http://test.jobservices.tmweb.ru/adv.html; 444
2017/01/20 18:13:49 Uncaught ReferenceError: pagespeed is not defined; http://test.jobservices.tmweb.ru/adv.html; 460
2017/01/20 18:13:49 Uncaught ReferenceError: pagespeed is not defined; http://test.jobservices.tmweb.ru/adv.html; 579
2017/01/20 18:13:49 Uncaught ReferenceError: pagespeed is not defined; http://test.jobservices.tmweb.ru/adv.html; 563
2017/01/20 18:13:49 Uncaught ReferenceError: pagespeed is not defined; http://test.jobservices.tmweb.ru/adv.html; 476
2017/01/20 18:17:14 Uncaught ReferenceError: pagespeed is not defined; http://test.jobservices.tmweb.ru/adv.html; 444
2017/01/20 18:17:14 Uncaught ReferenceError: pagespeed is not defined; http://test.jobservices.tmweb.ru/adv.html; 460
2017/01/20 18:17:14 Uncaught ReferenceError: pagespeed is not defined; http://test.jobservices.tmweb.ru/adv.html; 563
2017/01/20 18:17:14 Uncaught ReferenceError: pagespeed is not defined; http://test.jobservices.tmweb.ru/adv.html; 547
2017/01/20 18:17:14 Uncaught ReferenceError: pagespeed is not defined; http://test.jobservices.tmweb.ru/adv.html; 476
2017/01/20 18:17:14 Uncaught ReferenceError: pagespeed is not defined; http://test.jobservices.tmweb.ru/adv.html; 582
2017/01/20 18:18:25 Uncaught ReferenceError: pagespeed is not defined; http://test.jobservices.tmweb.ru/adv.html; 412
2017/01/20 18:18:25 Uncaught ReferenceError: pagespeed is not defined; http://test.jobservices.tmweb.ru/adv.html; 500
2017/01/20 18:18:25 Uncaught ReferenceError: pagespeed is not defined; http://test.jobservices.tmweb.ru/adv.html; 513
2017/01/20 18:18:25 Uncaught ReferenceError: pagespeed is not defined; http://test.jobservices.tmweb.ru/adv.html; 526
2017/01/20 18:18:25 Uncaught ReferenceError: pagespeed is not defined; http://test.jobservices.tmweb.ru/adv.html; 425
2017/01/20 18:18:25 Uncaught ReferenceError: pagespeed is not defined; http://test.jobservices.tmweb.ru/adv.html; 438
2017/01/20 18:18:25 Uncaught ReferenceError: pagespeed is not defined; http://test.jobservices.tmweb.ru/adv.html; 451
2017/01/20 18:18:25 Uncaught ReferenceError: pagespeed is not defined; http://test.jobservices.tmweb.ru/adv.html; 539
2017/01/20 18:18:25 Uncaught ReferenceError: pagespeed is not defined; http://test.jobservices.tmweb.ru/adv.html; 555
2017/01/20 18:18:25 Uncaught ReferenceError: pagespeed is not defined; http://test.jobservices.tmweb.ru/adv.html; 464
2017/01/20 20:16:03 Uncaught ReferenceError: pagespeed is not defined; http://test.jobservices.tmweb.ru/adv.html; 450
2017/01/20 20:16:03 Uncaught ReferenceError: pagespeed is not defined; http://test.jobservices.tmweb.ru/adv.html; 538
2017/01/20 20:16:03 Uncaught ReferenceError: pagespeed is not defined; http://test.jobservices.tmweb.ru/adv.html; 538
2017/01/20 20:16:03 Uncaught ReferenceError: pagespeed is not defined; http://test.jobservices.tmweb.ru/adv.html; 538
2017/01/20 20:16:03 Uncaught ReferenceError: pagespeed is not defined; http://test.jobservices.tmweb.ru/adv.html; 538
2017/01/20 20:16:03 Uncaught ReferenceError: pagespeed is not defined; http://test.jobservices.tmweb.ru/adv.html; 538
2017/01/20 20:16:03 Uncaught ReferenceError: pagespeed is not defined; http://test.jobservices.tmweb.ru/adv.html; 538
2017/01/20 20:16:03 Uncaught ReferenceError: pagespeed is not defined; http://test.jobservices.tmweb.ru/adv.html; 538
2017/01/20 20:16:03 Uncaught ReferenceError: pagespeed is not defined; http://test.jobservices.tmweb.ru/adv.html; 538
2017/01/20 20:16:03 Uncaught ReferenceError: pagespeed is not defined; http://test.jobservices.tmweb.ru/adv.html; 538
2017/01/21 13:11:04 Uncaught ReferenceError: pagespeed is not defined; http://test.jobservices.tmweb.ru/adv.html; 536
2017/01/21 13:11:04 Uncaught ReferenceError: pagespeed is not defined; http://test.jobservices.tmweb.ru/adv.html; 536
2017/01/21 13:11:04 Uncaught ReferenceError: pagespeed is not defined; http://test.jobservices.tmweb.ru/adv.html; 536
2017/01/21 13:11:04 Uncaught ReferenceError: pagespeed is not defined; http://test.jobservices.tmweb.ru/adv.html; 450
2017/01/21 13:11:04 Uncaught ReferenceError: pagespeed is not defined; http://test.jobservices.tmweb.ru/adv.html; 536
2017/01/21 13:11:04 Uncaught ReferenceError: pagespeed is not defined; http://test.jobservices.tmweb.ru/adv.html; 536
2017/01/21 13:11:04 Uncaught ReferenceError: pagespeed is not defined; http://test.jobservices.tmweb.ru/adv.html; 536
2017/01/21 13:11:04 Uncaught ReferenceError: pagespeed is not defined; http://test.jobservices.tmweb.ru/adv.html; 536
2017/01/21 13:11:04 Uncaught ReferenceError: pagespeed is not defined; http://test.jobservices.tmweb.ru/adv.html; 536
2017/01/21 13:11:04 Uncaught ReferenceError: pagespeed is not defined; http://test.jobservices.tmweb.ru/adv.html; 536
2017/01/21 20:32:34 Uncaught ReferenceError: pagespeed is not defined; http://doska.club/adv.html; 451
2017/01/21 20:32:34 Uncaught ReferenceError: pagespeed is not defined; http://doska.club/adv.html; 537
2017/01/21 20:32:34 Uncaught ReferenceError: pagespeed is not defined; http://doska.club/adv.html; 451
2017/01/21 20:32:34 Uncaught ReferenceError: pagespeed is not defined; http://doska.club/adv.html; 451
2017/01/21 20:32:34 Uncaught ReferenceError: pagespeed is not defined; http://doska.club/adv.html; 451
2017/01/21 20:32:34 Uncaught ReferenceError: pagespeed is not defined; http://doska.club/adv.html; 451
2017/01/21 20:32:34 Uncaught ReferenceError: pagespeed is not defined; http://doska.club/adv.html; 451
2017/01/21 20:32:34 Uncaught ReferenceError: pagespeed is not defined; http://doska.club/adv.html; 451
2017/01/21 20:32:34 Uncaught ReferenceError: pagespeed is not defined; http://doska.club/adv.html; 451
2017/01/21 20:32:34 Uncaught ReferenceError: pagespeed is not defined; http://doska.club/adv.html; 451
2017/01/22 07:29:36 Uncaught SyntaxError: Unexpected token < in JSON at position 0; http://doska.club/item/add; 1
2017/01/22 19:13:21 TypeError: Cannot find function addEventListener in object [object HTMLDocument]. (http://doska.club/js/bff/jquery/jquery.min.js|_|/html/body/div[2]/script#3); http://doska.club/; 3
